-------------------------------------------------------------------------------
Test set: com.mzx.server.managercms.dao.CmsPageRepositoryTest
-------------------------------------------------------------------------------
Tests run: 1, Failures: 0, Errors: 1, Skipped: 0, Time elapsed: 0.178 s <<< FAILURE! - in com.mzx.server.managercms.dao.CmsPageRepositoryTest
initializationError(com.mzx.server.managercms.dao.CmsPageRepositoryTest)  Time elapsed: 0.003 s  <<< ERROR!
java.lang.Exception: No runnable methods

